<?xml version="1.0" encoding="UTF-8"?>
<!-- Generated by org.testng.reporters.JUnitReportReporter -->
<testsuite hostname="DESKTOP-ID3D3IL" failures="0" tests="2" name="testngdiscussionpractice.TestClass1Practice" time="0.016" errors="0" timestamp="2022-05-09T20:39:09 IST" skipped="0">
  <testcase classname="testngdiscussionpractice.TestClass1Practice" name="dashboard" time="0.011"/>
  <system-out/>
  <testcase classname="testngdiscussionpractice.TestClass1Practice" name="login" time="0.005"/>
  <system-out/>
</testsuite> <!-- testngdiscussionpractice.TestClass1Practice -->
