<?xml version="1.0" encoding="UTF-8"?>
<!-- Generated by org.testng.reporters.JUnitReportReporter -->
<testsuite hostname="DESKTOP-ID3D3IL" failures="0" tests="2" name="testngdiscussionpractice.SingleClassExecutionPractice" time="0.040" errors="0" timestamp="2022-05-08T23:24:03 IST" skipped="0">
  <testcase classname="testngdiscussionpractice.SingleClassExecutionPractice" name="testcase1" time="0.031"/>
  <system-out/>
  <testcase classname="testngdiscussionpractice.SingleClassExecutionPractice" name="testcase2" time="0.009"/>
  <system-out/>
</testsuite> <!-- testngdiscussionpractice.SingleClassExecutionPractice -->
