<?xml version="1.0" encoding="UTF-8"?>
<!-- Generated by org.testng.reporters.JUnitReportReporter -->
<testsuite hostname="DESKTOP-ID3D3IL" failures="0" tests="2" name="testngdiscussionpractice.AnnotationsTestngPractice" time="0.030" errors="0" timestamp="2022-05-09T20:42:42 IST" skipped="0">
  <testcase classname="testngdiscussionpractice.AnnotationsTestngPractice" name="logouttest" time="0.008"/>
  <system-out/>
  <testcase classname="testngdiscussionpractice.AnnotationsTestngPractice" name="logintest" time="0.022"/>
  <system-out/>
</testsuite> <!-- testngdiscussionpractice.AnnotationsTestngPractice -->
