<?xml version="1.0" encoding="UTF-8"?>
<!-- Generated by org.testng.reporters.JUnitReportReporter -->
<testsuite hostname="DESKTOP-ID3D3IL" failures="0" tests="9" name="testngdiscussionpractice.SingleClassExecutionPractice2" time="0.065" errors="0" timestamp="2022-05-09T00:23:33 IST" skipped="0">
  <testcase classname="testngdiscussionpractice.SingleClassExecutionPractice2" name="profile" time="0.024"/>
  <system-out/>
  <testcase classname="testngdiscussionpractice.SingleClassExecutionPractice2" name="profile" time="0.005"/>
  <system-out/>
  <testcase classname="testngdiscussionpractice.SingleClassExecutionPractice2" name="profile" time="0.011"/>
  <system-out/>
  <testcase classname="testngdiscussionpractice.SingleClassExecutionPractice2" name="profile" time="0.003"/>
  <system-out/>
  <testcase classname="testngdiscussionpractice.SingleClassExecutionPractice2" name="profile" time="0.004"/>
  <system-out/>
  <testcase classname="testngdiscussionpractice.SingleClassExecutionPractice2" name="logout" time="0.004"/>
  <system-out/>
  <testcase classname="testngdiscussionpractice.SingleClassExecutionPractice2" name="login" time="0.007"/>
  <system-out/>
  <testcase classname="testngdiscussionpractice.SingleClassExecutionPractice2" name="dashboard" time="0.004"/>
  <system-out/>
  <testcase classname="testngdiscussionpractice.SingleClassExecutionPractice2" name="home" time="0.003"/>
  <system-out/>
</testsuite> <!-- testngdiscussionpractice.SingleClassExecutionPractice2 -->
