<?xml version="1.0" encoding="UTF-8"?>
<!-- Generated by org.testng.reporters.JUnitReportReporter -->
<testsuite hostname="DESKTOP-ID3D3IL" failures="0" tests="1" name="testngdiscussionpractice.ReporterClassTestng" time="12.729" errors="0" timestamp="2022-05-09T17:08:58 IST" skipped="0">
  <testcase classname="testngdiscussionpractice.ReporterClassTestng" name="logout" time="12.729"/>
  <system-out>
    <![CDATA[This is a logout Test Case]]>
  </system-out>
</testsuite> <!-- testngdiscussionpractice.ReporterClassTestng -->
