<?xml version="1.0" encoding="UTF-8"?>
<!-- Generated by org.testng.reporters.JUnitReportReporter -->
<testsuite hostname="DESKTOP-ID3D3IL" failures="0" tests="3" name="testngdiscussionpractice.TestClass2Practice" time="0.013" errors="0" timestamp="2022-05-09T20:39:09 IST" skipped="0">
  <testcase classname="testngdiscussionpractice.TestClass2Practice" name="profile" time="0.004"/>
  <system-out/>
  <testcase classname="testngdiscussionpractice.TestClass2Practice" name="home" time="0.004"/>
  <system-out/>
  <testcase classname="testngdiscussionpractice.TestClass2Practice" name="logout" time="0.005"/>
  <system-out/>
</testsuite> <!-- testngdiscussionpractice.TestClass2Practice -->
